2020-04-08 15:57:16,359 INFO Starting Nacos v1.1.4 on DESKTOP-CS02GTV with PID 29148 (E:\dome\cloud2020\nacos-server-1.1.4\nacos\target\nacos-server.jar started by Administrator in E:\dome\cloud2020\nacos-server-1.1.4\nacos\bin)

2020-04-08 15:57:16,361 INFO The following profiles are active: standalone

2020-04-08 15:57:18,851 INFO Bean 'org.springframework.security.config.annotation.configuration.ObjectPostProcessorConfiguration' of type [org.springframework.security.config.annotation.configuration.ObjectPostProcessorConfiguration$$EnhancerBySpringCGLIB$$fda80cf6] is not eligible for getting processed by all BeanPostProcessors (for example: not eligible for auto-proxying)

2020-04-08 15:57:19,376 INFO Bean 'objectPostProcessor' of type [org.springframework.security.config.annotation.configuration.AutowireBeanFactoryObjectPostProcessor] is not eligible for getting processed by all BeanPostProcessors (for example: not eligible for auto-proxying)

2020-04-08 15:57:19,379 INFO Bean 'org.springframework.security.access.expression.method.DefaultMethodSecurityExpressionHandler@609e8838' of type [org.springframework.security.access.expression.method.DefaultMethodSecurityExpressionHandler] is not eligible for getting processed by all BeanPostProcessors (for example: not eligible for auto-proxying)

2020-04-08 15:57:19,384 INFO Bean 'org.springframework.security.config.annotation.method.configuration.GlobalMethodSecurityConfiguration' of type [org.springframework.security.config.annotation.method.configuration.GlobalMethodSecurityConfiguration$$EnhancerBySpringCGLIB$$227cafa8] is not eligible for getting processed by all BeanPostProcessors (for example: not eligible for auto-proxying)

2020-04-08 15:57:19,392 INFO Bean 'methodSecurityMetadataSource' of type [org.springframework.security.access.method.DelegatingMethodSecurityMetadataSource] is not eligible for getting processed by all BeanPostProcessors (for example: not eligible for auto-proxying)

2020-04-08 15:57:20,131 INFO Tomcat initialized with port(s): 8848 (http)

2020-04-08 15:57:20,183 INFO Starting service [Tomcat]

2020-04-08 15:57:20,183 INFO Starting Servlet Engine: Apache Tomcat/9.0.13

2020-04-08 15:57:20,197 INFO The APR based Apache Tomcat Native library which allows optimal performance in production environments was not found on the java.library.path: [C:\Program Files\Java\jdk1.8.0_151\bin;C:\Windows\Sun\Java\bin;C:\Windows\system32;C:\Windows;C:\Program Files (x86)\NetSarang\Xshell 6\;C:\Program Files (x86)\NetSarang\Xftp 6\;C:\ProgramData\Oracle\Java\javapath;C:\Windows\system32;C:\Windows;C:\Windows\System32\Wbem;C:\Windows\System32\WindowsPowerShell\v1.0\;C:\Users\c\.dnx\bin;C:\Program Files\Microsoft DNX\Dnvm\;C:\Program Files\Microsoft SQL Server\120\Tools\Binn\;C:\Program Files (x86)\NVIDIA Corporation\PhysX\Common;C:\Program Files\Microsoft SQL Server\130\Tools\Binn\;C:\Program Files\dotnet\;C:\Program Files\Microsoft SQL Server\120\DTS\Binn\;C:\Program Files\Microsoft SQL Server\Client SDK\ODBC\110\Tools\Binn\;C:\Program Files (x86)\Microsoft SQL Server\120\Tools\Binn\;C:\Program Files (x86)\Microsoft SQL Server\120\Tools\Binn\ManagementStudio\;C:\Program Files (x86)\Microsoft SQL Server\120\DTS\Binn\;C:\Program Files\Redis\;C:\Program Files\Microsoft VS Code\bin;C:\Program Files\Git\cmd;C:\Program Files\nodejs\;E:\javauit\thrift;C:\Program Files\Java\jdk1.8.0_151\bin;C:\Program Files\Java\jdk1.8.0_151\jre\bin;E:\javauit\apache-maven-3.5.4-bin\apache-maven-3.5.4\bin;C:\Program Files (x86)\MySQL\MySQL Server 5.7\bin;C:\Users\Administrator\AppData\Roaming\npm;E:\javauit\gradle-5.3.1-bin\gradle-5.3.1\bin;E:\javauit\protoc-3.7.1-win64\bin;;.]

2020-04-08 15:57:20,327 INFO Initializing Spring embedded WebApplicationContext

2020-04-08 15:57:20,327 INFO Root WebApplicationContext: initialization completed in 3885 ms

2020-04-08 15:57:30,324 INFO Use Mysql as the driver

2020-04-08 15:57:30,938 INFO Initializing ExecutorService 'applicationTaskExecutor'

2020-04-08 15:57:31,473 INFO Adding welcome page: class path resource [static/index.html]

2020-04-08 15:57:32,091 INFO Creating filter chain: Ant [pattern='/'], []

2020-04-08 15:57:32,143 INFO Creating filter chain: Ant [pattern='/**/*.css'], []

2020-04-08 15:57:32,159 INFO Creating filter chain: Ant [pattern='/**/*.js'], []

2020-04-08 15:57:32,172 INFO Creating filter chain: Ant [pattern='/**/*.html'], []

2020-04-08 15:57:32,183 INFO Creating filter chain: Ant [pattern='/**/*.map'], []

2020-04-08 15:57:32,215 INFO Creating filter chain: Ant [pattern='/**/*.svg'], []

2020-04-08 15:57:32,260 INFO Creating filter chain: Ant [pattern='/**/*.png'], []

2020-04-08 15:57:32,264 INFO Creating filter chain: Ant [pattern='/**/*.ico'], []

2020-04-08 15:57:32,265 INFO Creating filter chain: Ant [pattern='/console-fe/public/**'], []

2020-04-08 15:57:32,268 INFO Creating filter chain: Ant [pattern='/v1/auth/login'], []

2020-04-08 15:57:32,274 INFO Creating filter chain: Ant [pattern='/v1/console/health/**'], []

2020-04-08 15:57:32,282 INFO Creating filter chain: Ant [pattern='/v1/cs/**'], []

2020-04-08 15:57:32,303 INFO Creating filter chain: Ant [pattern='/v1/ns/**'], []

2020-04-08 15:57:32,306 INFO Creating filter chain: Ant [pattern='/v1/cmdb/**'], []

2020-04-08 15:57:32,325 INFO Creating filter chain: Ant [pattern='/actuator/**'], []

2020-04-08 15:57:32,325 INFO Creating filter chain: Ant [pattern='/v1/console/server/**'], []

2020-04-08 15:57:32,369 INFO Creating filter chain: any request, [org.springframework.security.web.context.request.async.WebAsyncManagerIntegrationFilter@117e0fe5, org.springframework.security.web.context.SecurityContextPersistenceFilter@7fd4acee, org.springframework.security.web.header.HeaderWriterFilter@3d08f3f5, org.springframework.security.web.authentication.logout.LogoutFilter@76c7beb3, com.alibaba.nacos.console.filter.JwtAuthenticationTokenFilter@18a3962d, org.springframework.security.web.savedrequest.RequestCacheAwareFilter@6175619b, org.springframework.security.web.servletapi.SecurityContextHolderAwareRequestFilter@3f2ef586, org.springframework.security.web.authentication.AnonymousAuthenticationFilter@78aea4b9, org.springframework.security.web.session.SessionManagementFilter@1a1da881, org.springframework.security.web.access.ExceptionTranslationFilter@4fe89c24, org.springframework.security.web.access.intercept.FilterSecurityInterceptor@3d8bbcdc]

2020-04-08 15:57:32,534 INFO Exposing 2 endpoint(s) beneath base path '/actuator'

2020-04-08 15:57:32,635 INFO Initializing ExecutorService 'taskScheduler'

2020-04-08 15:57:32,821 INFO Tomcat started on port(s): 8848 (http) with context path '/nacos'

2020-04-08 15:57:32,833 INFO Started Nacos in 17.622 seconds (JVM running for 18.272)

2020-04-08 15:57:32,833 INFO Nacos Log files: E:\dome\cloud2020\nacos-server-1.1.4\nacos/logs/

2020-04-08 15:57:32,838 INFO Nacos Conf files: E:\dome\cloud2020\nacos-server-1.1.4\nacos/conf/

2020-04-08 15:57:32,841 INFO Nacos Data files: E:\dome\cloud2020\nacos-server-1.1.4\nacos/data/

2020-04-08 15:57:32,845 INFO Nacos started successfully in stand alone mode.

2020-04-08 15:57:35,040 INFO Initializing Spring DispatcherServlet 'dispatcherServlet'

2020-04-08 15:57:35,040 INFO Initializing Servlet 'dispatcherServlet'

2020-04-08 15:57:35,049 INFO Completed initialization in 9 ms

2020-04-08 15:59:01,440 ERROR Responding with unauthorized error. Message - Full authentication is required to access this resource

2020-04-08 16:07:29,988 INFO [capacityManagement] start correct usage

2020-04-08 16:07:30,005 INFO [capacityManagement] end correct usage, cost: 0s

2020-04-08 16:07:30,321 WARN clearConfigHistory start

2020-04-08 16:17:30,007 INFO [capacityManagement] start correct usage

2020-04-08 16:17:30,010 INFO [capacityManagement] end correct usage, cost: 0s

2020-04-08 16:17:30,414 WARN clearConfigHistory start

2020-04-08 16:27:30,011 INFO [capacityManagement] start correct usage

2020-04-08 16:27:30,012 INFO [capacityManagement] end correct usage, cost: 0s

2020-04-08 16:27:30,416 WARN clearConfigHistory start

2020-04-08 16:37:30,013 INFO [capacityManagement] start correct usage

2020-04-08 16:37:30,017 INFO [capacityManagement] end correct usage, cost: 0s

2020-04-08 16:37:30,417 WARN clearConfigHistory start

2020-04-08 16:47:30,018 INFO [capacityManagement] start correct usage

2020-04-08 16:47:30,019 INFO [capacityManagement] end correct usage, cost: 0s

2020-04-08 16:47:30,419 WARN clearConfigHistory start

2020-04-08 16:57:30,020 INFO [capacityManagement] start correct usage

2020-04-08 16:57:30,021 INFO [capacityManagement] end correct usage, cost: 0s

2020-04-08 16:57:30,420 WARN clearConfigHistory start

2020-04-08 17:07:30,021 INFO [capacityManagement] start correct usage

2020-04-08 17:07:30,021 INFO [capacityManagement] end correct usage, cost: 0s

2020-04-08 17:07:30,422 WARN clearConfigHistory start

2020-04-08 17:17:30,022 INFO [capacityManagement] start correct usage

2020-04-08 17:17:30,023 INFO [capacityManagement] end correct usage, cost: 0s

2020-04-08 17:17:30,425 WARN clearConfigHistory start

2020-04-08 17:27:30,028 INFO [capacityManagement] start correct usage

2020-04-08 17:27:30,030 INFO [capacityManagement] end correct usage, cost: 0s

2020-04-08 17:27:30,427 WARN clearConfigHistory start

